{"contracts/mocks/MockV3Aggregator.sol":{"l":{},"path":"/Users/valentin/Documents/projects/invest-me/contracts/mocks/MockV3Aggregator.sol","s":{},"b":{},"f":{},"fnMap":{},"statementMap":{},"branchMap":{}},"contracts/PriceConverter.sol":{"l":{"18":2,"20":2,"28":2,"29":2,"31":2},"path":"/Users/valentin/Documents/projects/invest-me/contracts/PriceConverter.sol","s":{"1":2,"2":2,"3":2,"4":2,"5":2},"b":{},"f":{"1":2,"2":2},"fnMap":{"1":{"name":"getPrice","line":10,"loc":{"start":{"line":10,"column":4},"end":{"line":21,"column":4}}},"2":{"name":"getConversionRate","line":24,"loc":{"start":{"line":24,"column":4},"end":{"line":32,"column":4}}}},"statementMap":{"1":{"start":{"line":18,"column":8},"end":{"line":18,"column":62}},"2":{"start":{"line":20,"column":8},"end":{"line":20,"column":44}},"3":{"start":{"line":28,"column":8},"end":{"line":28,"column":47}},"4":{"start":{"line":29,"column":8},"end":{"line":29,"column":77}},"5":{"start":{"line":31,"column":8},"end":{"line":31,"column":29}}},"branchMap":{}},"contracts/TopInvestor.sol":{"l":{"27":0,"28":0,"32":3,"33":3,"37":0,"41":0,"49":2,"54":1,"55":1,"59":0,"63":0,"68":0,"69":0,"71":0,"78":0,"81":0},"path":"/Users/valentin/Documents/projects/invest-me/contracts/TopInvestor.sol","s":{"1":0,"2":3,"3":3,"4":0,"5":2,"6":1,"7":1,"8":0,"9":0,"10":0,"11":0,"12":0,"13":0,"14":0},"b":{"1":[0,0],"2":[1,1],"3":[0,0]},"f":{"1":0,"2":3,"3":0,"4":2,"5":0,"6":0},"fnMap":{"1":{"name":"onlyOwner","line":25,"loc":{"start":{"line":25,"column":4},"end":{"line":29,"column":4}}},"2":{"name":"constructor","line":31,"loc":{"start":{"line":31,"column":4},"end":{"line":34,"column":4}}},"3":{"name":null,"line":40,"loc":{"start":{"line":40,"column":4},"end":{"line":42,"column":4}}},"4":{"name":"fund","line":48,"loc":{"start":{"line":48,"column":4},"end":{"line":56,"column":4}}},"5":{"name":"getVersion","line":58,"loc":{"start":{"line":58,"column":4},"end":{"line":60,"column":4}}},"6":{"name":"withdraw","line":62,"loc":{"start":{"line":62,"column":4},"end":{"line":82,"column":4}}}},"statementMap":{"1":{"start":{"line":27,"column":8},"end":{"line":27,"column":65}},"2":{"start":{"line":32,"column":8},"end":{"line":32,"column":27}},"3":{"start":{"line":33,"column":8},"end":{"line":33,"column":52}},"4":{"start":{"line":41,"column":8},"end":{"line":41,"column":13}},"5":{"start":{"line":49,"column":8},"end":{"line":49,"column":1303}},"6":{"start":{"line":54,"column":8},"end":{"line":54,"column":53}},"7":{"start":{"line":55,"column":8},"end":{"line":55,"column":31}},"8":{"start":{"line":59,"column":8},"end":{"line":59,"column":34}},"9":{"start":{"line":63,"column":8},"end":{"line":63,"column":1800}},"10":{"start":{"line":68,"column":12},"end":{"line":68,"column":49}},"11":{"start":{"line":69,"column":12},"end":{"line":69,"column":44}},"12":{"start":{"line":71,"column":8},"end":{"line":71,"column":33}},"13":{"start":{"line":78,"column":8},"end":{"line":78,"column":2329}},"14":{"start":{"line":81,"column":8},"end":{"line":81,"column":42}}},"branchMap":{"1":{"line":27,"type":"if","locations":[{"start":{"line":27,"column":8},"end":{"line":27,"column":8}},{"start":{"line":27,"column":8},"end":{"line":27,"column":8}}]},"2":{"line":49,"type":"if","locations":[{"start":{"line":49,"column":8},"end":{"line":49,"column":8}},{"start":{"line":49,"column":8},"end":{"line":49,"column":8}}]},"3":{"line":81,"type":"if","locations":[{"start":{"line":81,"column":8},"end":{"line":81,"column":8}},{"start":{"line":81,"column":8},"end":{"line":81,"column":8}}]}}}}