TN:
SF:/Users/valentin/Documents/projects/invest-me/contracts/mocks/MockV3Aggregator.sol
FNF:0
FNH:0
LF:0
LH:0
BRF:0
BRH:0
end_of_record
TN:
SF:/Users/valentin/Documents/projects/invest-me/contracts/PriceConverter.sol
FN:10,getPrice
FN:24,getConversionRate
FNF:2
FNH:2
FNDA:2,getPrice
FNDA:2,getConversionRate
DA:18,2
DA:20,2
DA:28,2
DA:29,2
DA:31,2
LF:5
LH:5
BRF:0
BRH:0
end_of_record
TN:
SF:/Users/valentin/Documents/projects/invest-me/contracts/TopInvestor.sol
FN:25,onlyOwner
FN:31,constructor
FN:40,
FN:48,fund
FN:58,getVersion
FN:62,withdraw
FNF:6
FNH:2
FNDA:0,onlyOwner
FNDA:3,constructor
FNDA:0,
FNDA:2,fund
FNDA:0,getVersion
FNDA:0,withdraw
DA:27,0
DA:28,0
DA:32,3
DA:33,3
DA:37,0
DA:41,0
DA:49,2
DA:54,1
DA:55,1
DA:59,0
DA:63,0
DA:68,0
DA:69,0
DA:71,0
DA:78,0
DA:81,0
LF:16
LH:5
BRDA:27,1,0,0
BRDA:27,1,1,0
BRDA:49,2,0,1
BRDA:49,2,1,1
BRDA:81,3,0,0
BRDA:81,3,1,0
BRF:6
BRH:2
end_of_record
